<?xml version="1.0"?>
<testsuite name="Chrome 67.0.3396 (Mac OS X 10.13.4)" package="" timestamp="2018-06-14T14:26:42" id="0" hostname="Daniels-MacBook-Air-2.local" tests="4" errors="0" failures="1" time="0.025">
  <properties>
    <property name="browser.fullName" value="Mozilla/5.0 (Macintosh; Intel Mac OS X 10_13_4) AppleWebKit/537.36 (KHTML, like Gecko) Chrome/67.0.3396.87 Safari/537.36"/>
  </properties>
  <testcase name="Users factory should exist" time="0.013" classname="Chrome_67_0_3396_(Mac_OS_X_10_13_4).Users factory"/>
  <testcase name="Users factory .all() should fail" time="0.005" classname="Chrome_67_0_3396_(Mac_OS_X_10_13_4).Users factory">
    <failure type="">Expected undefined to equal true.
    at &lt;Jasmine&gt;
    at UserContext.&lt;anonymous&gt; (app/services/users/users.spec.js:59:16)
    at &lt;Jasmine&gt;
</failure>
  </testcase>
  <testcase name="Users factory .all() should return a hard-coded user list" time="0.005" classname="Chrome_67_0_3396_(Mac_OS_X_10_13_4).Users factory"/>
  <testcase name="Users factory .all() should exist" time="0.002" classname="Chrome_67_0_3396_(Mac_OS_X_10_13_4).Users factory"/>
  <system-out>
    <![CDATA[
]]>
  </system-out>
  <system-err/>
</testsuite>